/Users/jhay-ar/Development/apps/postbin/node_modules/path-to-regexp/dist/index.js:96
            throw new PathError(`Missing parameter name at index ${index}`, str);
            ^

PathError [TypeError]: Missing parameter name at index 1: *; visit https://git.new/pathToRegexpError for info
    at name (/Users/jhay-ar/Development/apps/postbin/node_modules/path-to-regexp/dist/index.js:96:19)
    at parse (/Users/jhay-ar/Development/apps/postbin/node_modules/path-to-regexp/dist/index.js:113:68)
    at pathToRegexp (/Users/jhay-ar/Development/apps/postbin/node_modules/path-to-regexp/dist/index.js:267:58)
    at Object.match (/Users/jhay-ar/Development/apps/postbin/node_modules/path-to-regexp/dist/index.js:237:30)
    at matcher (/Users/jhay-ar/Development/apps/postbin/node_modules/router/lib/layer.js:86:23)
    at new Layer (/Users/jhay-ar/Development/apps/postbin/node_modules/router/lib/layer.js:93:62)
    at router.route (/Users/jhay-ar/Development/apps/postbin/node_modules/router/index.js:428:17)
    at app.route (/Users/jhay-ar/Development/apps/postbin/node_modules/express/lib/application.js:257:22)
    at app.all (/Users/jhay-ar/Development/apps/postbin/node_modules/express/lib/application.js:495:20)
    at Object.<anonymous> (/Users/jhay-ar/Development/apps/postbin/dist/index.js:91:5) {
  originalPath: '*'
}

Node.js v25.6.1
/Users/jhay-ar/Development/apps/postbin/node_modules/path-to-regexp/dist/index.js:96
            throw new PathError(`Missing parameter name at index ${index}`, str);
            ^

PathError [TypeError]: Missing parameter name at index 1: *; visit https://git.new/pathToRegexpError for info
    at name (/Users/jhay-ar/Development/apps/postbin/node_modules/path-to-regexp/dist/index.js:96:19)
    at parse (/Users/jhay-ar/Development/apps/postbin/node_modules/path-to-regexp/dist/index.js:113:68)
    at pathToRegexp (/Users/jhay-ar/Development/apps/postbin/node_modules/path-to-regexp/dist/index.js:267:58)
    at Object.match (/Users/jhay-ar/Development/apps/postbin/node_modules/path-to-regexp/dist/index.js:237:30)
    at matcher (/Users/jhay-ar/Development/apps/postbin/node_modules/router/lib/layer.js:86:23)
    at new Layer (/Users/jhay-ar/Development/apps/postbin/node_modules/router/lib/layer.js:93:62)
    at router.route (/Users/jhay-ar/Development/apps/postbin/node_modules/router/index.js:428:17)
    at app.route (/Users/jhay-ar/Development/apps/postbin/node_modules/express/lib/application.js:257:22)
    at app.all (/Users/jhay-ar/Development/apps/postbin/node_modules/express/lib/application.js:495:20)
    at Object.<anonymous> (/Users/jhay-ar/Development/apps/postbin/dist/index.js:91:5) {
  originalPath: '*'
}

Node.js v25.6.1
🚀 Postbin server running on port 5555
📁 Data stored in sqlite3 database

Usage examples:
   POST http://localhost:5555/myapp
   GET  http://localhost:5555/manage/myapp
🚀 Postbin server running on port 5556
📁 Data stored in sqlite3 database

Usage examples:
   POST http://localhost:5556/myapp
   GET  http://localhost:5556/manage/myapp
